<?xml version="1.0" encoding="UTF-8"?>
<!-- Generated by org.testng.reporters.JUnitReportReporter -->
<testsuite hostname="DESKTOP-OR6JHQ1" failures="0" tests="2" name="MyRunner.LoginStepsRunnerTestng" time="17.927" errors="0" timestamp="2025-03-24T17:33:18 IST" skipped="0">
  <testcase classname="MyRunner.LoginStepsRunnerTestng" name="runScenario" time="11.931"/>
  <testcase classname="MyRunner.LoginStepsRunnerTestng" name="runScenario" time="5.996"/>
</testsuite> <!-- MyRunner.LoginStepsRunnerTestng -->
