<?xml version="1.0" encoding="UTF-8"?>
<!-- Generated by org.testng.reporters.JUnitReportReporter -->
<testsuite hostname="DESKTOP-OR6JHQ1" failures="0" tests="1" name="TestCases.CheckOutPageTest" time="19.270" errors="0" timestamp="2025-03-24T17:33:18 IST" skipped="0">
  <testcase classname="TestCases.CheckOutPageTest" name="CheckOut" time="19.270"/>
</testsuite> <!-- TestCases.CheckOutPageTest -->
