<?xml version="1.0" encoding="UTF-8"?>
<!-- Generated by org.testng.reporters.JUnitReportReporter -->
<testsuite hostname="DESKTOP-OR6JHQ1" failures="0" tests="3" name="TestCases.AddToCartPageTest" time="33.070" errors="0" timestamp="2025-03-24T17:33:18 IST" skipped="0">
  <testcase classname="TestCases.AddToCartPageTest" name="addBirdToCartAndReturnHome" time="13.298"/>
  <testcase classname="TestCases.AddToCartPageTest" name="addCatToCartAndReturnHome" time="10.823"/>
  <testcase classname="TestCases.AddToCartPageTest" name="addDogToCartAndReturnHome" time="8.949"/>
</testsuite> <!-- TestCases.AddToCartPageTest -->
