<?xml version="1.0" encoding="UTF-8"?>
<!-- Generated by org.testng.reporters.JUnitReportReporter -->
<testsuite hostname="DESKTOP-OR6JHQ1" failures="0" tests="2" name="MyRunner.LoginStepsRunnerTestng" time="12.447" errors="0" timestamp="2025-03-26T10:45:50 IST" skipped="0">
  <testcase classname="MyRunner.LoginStepsRunnerTestng" name="runScenario" time="6.737"/>
  <testcase classname="MyRunner.LoginStepsRunnerTestng" name="runScenario" time="5.710"/>
</testsuite> <!-- MyRunner.LoginStepsRunnerTestng -->
