<?xml version="1.0" encoding="UTF-8"?>
<!-- Generated by org.testng.reporters.JUnitReportReporter -->
<testsuite hostname="DESKTOP-OR6JHQ1" failures="0" tests="1" name="TestCases.UpdateCartTest" time="8.756" errors="0" timestamp="2025-03-26T10:45:50 IST" skipped="0">
  <testcase classname="TestCases.UpdateCartTest" name="updateCartTest" time="8.756"/>
</testsuite> <!-- TestCases.UpdateCartTest -->
