<?xml version="1.0" encoding="UTF-8"?>
<!-- Generated by org.testng.reporters.JUnitReportReporter -->
<testsuite hostname="DESKTOP-OR6JHQ1" failures="0" tests="3" name="TestCases.AddToCartPageTest" time="23.172" errors="0" timestamp="2025-03-21T18:11:16 IST" skipped="0">
  <testcase classname="TestCases.AddToCartPageTest" name="addBirdToCartAndReturnHome" time="7.950"/>
  <system-out/>
  <testcase classname="TestCases.AddToCartPageTest" name="addCatToCartAndReturnHome" time="7.733"/>
  <system-out/>
  <testcase classname="TestCases.AddToCartPageTest" name="addDogToCartAndReturnHome" time="7.489"/>
  <system-out/>
</testsuite> <!-- TestCases.AddToCartPageTest -->
