<?xml version="1.0" encoding="UTF-8"?>
<!-- Generated by org.testng.reporters.JUnitReportReporter -->
<testsuite hostname="DESKTOP-OR6JHQ1" failures="0" tests="1" name="TestCases.RegisterPageTest" time="42.213" errors="0" timestamp="2025-03-26T10:45:50 IST" skipped="0">
  <testcase classname="TestCases.RegisterPageTest" name="registerNewUserUsingRegularPOM" time="42.213"/>
</testsuite> <!-- TestCases.RegisterPageTest -->
