<?xml version="1.0" encoding="UTF-8"?>
<!-- Generated by org.testng.reporters.JUnitReportReporter -->
<testsuite hostname="DESKTOP-OR6JHQ1" failures="0" tests="1" name="TestCases.RegisterPageTest" time="33.982" errors="0" timestamp="2025-03-21T18:11:16 IST" skipped="0">
  <testcase classname="TestCases.RegisterPageTest" name="registerNewUserUsingRegularPOM" time="33.982"/>
  <system-out/>
</testsuite> <!-- TestCases.RegisterPageTest -->
