<?xml version="1.0" encoding="UTF-8"?>
<!-- Generated by org.testng.reporters.JUnitReportReporter -->
<testsuite hostname="DESKTOP-OR6JHQ1" failures="0" tests="1" name="TestCases.UpdateCartTest" time="7.687" errors="0" timestamp="2025-03-24T12:27:19 IST" skipped="0">
  <testcase classname="TestCases.UpdateCartTest" name="updateCartTest" time="7.687"/>
</testsuite> <!-- TestCases.UpdateCartTest -->
