<?xml version="1.0" encoding="UTF-8"?>
<!-- Generated by org.testng.reporters.JUnitReportReporter -->
<testsuite hostname="DESKTOP-OR6JHQ1" failures="0" tests="3" name="TestCases.AddToCartPageTest" time="28.940" errors="0" timestamp="2025-03-24T12:27:20 IST" skipped="0">
  <testcase classname="TestCases.AddToCartPageTest" name="addBirdToCartAndReturnHome" time="10.350"/>
  <testcase classname="TestCases.AddToCartPageTest" name="addCatToCartAndReturnHome" time="10.629"/>
  <testcase classname="TestCases.AddToCartPageTest" name="addDogToCartAndReturnHome" time="7.961"/>
</testsuite> <!-- TestCases.AddToCartPageTest -->
